<?xml version="1.0" encoding="UTF-8"?>
<testng-results skipped="0" failed="0" ignored="0" total="1" passed="1">
  <reporter-output>
  </reporter-output>
  <suite name="Default suite" duration-ms="41371" started-at="2022-06-14T12:33:33Z" finished-at="2022-06-14T12:34:14Z">
    <groups>
    </groups>
    <test name="Default test" duration-ms="41371" started-at="2022-06-14T12:33:33Z" finished-at="2022-06-14T12:34:14Z">
      <class name="pk_OrangeHRM.handling_Webtable_Pagination">
        <test-method status="PASS" signature="Pagination_Example()[pri:0, instance:pk_OrangeHRM.handling_Webtable_Pagination@ff5b51f]" name="Pagination_Example" duration-ms="41342" started-at="2022-06-14T18:03:33Z" finished-at="2022-06-14T18:04:14Z">
          <reporter-output>
          </reporter-output>
        </test-method> <!-- Pagination_Example -->
      </class> <!-- pk_OrangeHRM.handling_Webtable_Pagination -->
    </test> <!-- Default test -->
  </suite> <!-- Default suite -->
</testng-results>
